#
# There is insufficient memory for the Java Runtime Environment to continue.
# Native memory allocation (malloc) failed to allocate 456016 bytes. Error detail: Chunk::new
# Possible reasons:
#   The system is out of physical RAM or swap space
#   This process is running with CompressedOops enabled, and the Java Heap may be blocking the growth of the native heap
# Possible solutions:
#   Reduce memory load on the system
#   Increase physical memory or swap space
#   Check if swap backing store is full
#   Decrease Java heap size (-Xmx/-Xms)
#   Decrease number of Java threads
#   Decrease Java thread stack sizes (-Xss)
#   Set larger code cache with -XX:ReservedCodeCacheSize=
#   JVM is running with Zero Based Compressed Oops mode in which the Java heap is
#     placed in the first 32GB address space. The Java Heap base address is the
#     maximum limit for the native heap growth. Please use -XX:HeapBaseMinAddress
#     to set the Java Heap base and to place the Java Heap above 32GB virtual address.
# This output file may be truncated or incomplete.
#
#  Out of Memory Error (arena.cpp:168), pid=28064, tid=36764
#
# JRE version: OpenJDK Runtime Environment JBR-21.0.5+8-631.28-jcef (21.0.5+8) (build 21.0.5+8-b631.28)
# Java VM: OpenJDK 64-Bit Server VM JBR-21.0.5+8-631.28-jcef (21.0.5+8-b631.28, mixed mode, sharing, tiered, compressed oops, compressed class ptrs, g1 gc, windows-amd64)
# No core dump will be written. Minidumps are not enabled by default on client versions of Windows
#

---------------  S U M M A R Y ------------

Command Line: git4idea.http.GitAskPassApp Password for 'https://itmejd@github.com': 

Host: Intel(R) Core(TM) i5-9600K CPU @ 3.70GHz, 6 cores, 15G,  Windows 11 , 64 bit Build 26100 (10.0.26100.3037)
Time: Tue Feb 11 16:57:06 2025 US Mountain Standard Time elapsed time: 0.501672 seconds (0d 0h 0m 0s)

---------------  T H R E A D  ---------------

Current thread (0x0000022fbb855d20):  JavaThread "C2 CompilerThread0" daemon [_thread_in_native, id=36764, stack(0x000000cd4e000000,0x000000cd4e100000) (1024K)]


Current CompileTask:
C2:501 1110       4       sun.security.ec.ECOperations::setDouble (463 bytes)

Stack: [0x000000cd4e000000,0x000000cd4e100000]
Native frames: (J=compiled Java code, j=interpreted, Vv=VM code, C=native code)
V  [jvm.dll+0x6e52b9]
V  [jvm.dll+0x8c3633]
V  [jvm.dll+0x8c5b8e]
V  [jvm.dll+0x8c6273]
V  [jvm.dll+0x288f46]
V  [jvm.dll+0xc66dd]
V  [jvm.dll+0xc6c13]
V  [jvm.dll+0x2feb50]
V  [jvm.dll+0x60c609]
V  [jvm.dll+0x2598a2]
V  [jvm.dll+0x2520ad]
V  [jvm.dll+0x24fc6e]
V  [jvm.dll+0x1cd6a4]
V  [jvm.dll+0x25f5dc]
V  [jvm.dll+0x25db26]
V  [jvm.dll+0x3ff5e6]
V  [jvm.dll+0x86b248]
V  [jvm.dll+0x6e3abd]
C  [ucrtbase.dll+0x37b0]
C  [KERNEL32.DLL+0x2e8d7]
C  [ntdll.dll+0xbbf2c]


---------------  P R O C E S S  ---------------

Threads class SMR info:
_java_thread_list=0x0000022ffd4290a0, length=15, elements={
0x0000022f9eba5c90, 0x0000022fbb83f590, 0x0000022fbb8401e0, 0x0000022fbb847c90,
0x0000022fbb848b70, 0x0000022fbb84a2e0, 0x0000022fbb84ae60, 0x0000022fbb855d20,
0x0000022fbbac8090, 0x0000022fbbc10b80, 0x0000022fbbc147d0, 0x0000022ffd3846e0,
0x0000022ffd466750, 0x0000022ffd46aa80, 0x0000022ffd51a0d0
}

Java Threads: ( => current thread )
  0x0000022f9eba5c90 JavaThread "main"                              [_thread_blocked, id=7004, stack(0x000000cd4d200000,0x000000cd4d300000) (1024K)]
  0x0000022fbb83f590 JavaThread "Reference Handler"          daemon [_thread_blocked, id=31004, stack(0x000000cd4da00000,0x000000cd4db00000) (1024K)]
  0x0000022fbb8401e0 JavaThread "Finalizer"                  daemon [_thread_blocked, id=13692, stack(0x000000cd4db00000,0x000000cd4dc00000) (1024K)]
  0x0000022fbb847c90 JavaThread "Signal Dispatcher"          daemon [_thread_blocked, id=30124, stack(0x000000cd4dc00000,0x000000cd4dd00000) (1024K)]
  0x0000022fbb848b70 JavaThread "Attach Listener"            daemon [_thread_blocked, id=27528, stack(0x000000cd4dd00000,0x000000cd4de00000) (1024K)]
  0x0000022fbb84a2e0 JavaThread "Service Thread"             daemon [_thread_blocked, id=3896, stack(0x000000cd4de00000,0x000000cd4df00000) (1024K)]
  0x0000022fbb84ae60 JavaThread "Monitor Deflation Thread"   daemon [_thread_blocked, id=36416, stack(0x000000cd4df00000,0x000000cd4e000000) (1024K)]
=>0x0000022fbb855d20 JavaThread "C2 CompilerThread0"         daemon [_thread_in_native, id=36764, stack(0x000000cd4e000000,0x000000cd4e100000) (1024K)]
  0x0000022fbbac8090 JavaThread "C1 CompilerThread0"         daemon [_thread_blocked, id=29808, stack(0x000000cd4e100000,0x000000cd4e200000) (1024K)]
  0x0000022fbbc10b80 JavaThread "Notification Thread"        daemon [_thread_blocked, id=16396, stack(0x000000cd4e200000,0x000000cd4e300000) (1024K)]
  0x0000022fbbc147d0 JavaThread "Common-Cleaner"             daemon [_thread_blocked, id=21392, stack(0x000000cd4e300000,0x000000cd4e400000) (1024K)]
  0x0000022ffd3846e0 JavaThread "HttpClient-1-SelectorManager" daemon [_thread_in_native, id=26252, stack(0x000000cd4e400000,0x000000cd4e500000) (1024K)]
  0x0000022ffd466750 JavaThread "HttpClient-1-Worker-0"      daemon [_thread_in_vm, id=2536, stack(0x000000cd4e600000,0x000000cd4e700000) (1024K)]
  0x0000022ffd46aa80 JavaThread "HttpClient-1-Worker-1"      daemon [_thread_blocked, id=12460, stack(0x000000cd4e700000,0x000000cd4e800000) (1024K)]
  0x0000022ffd51a0d0 JavaThread "C2 CompilerThread1"         daemon [_thread_in_native, id=3928, stack(0x000000cd4e800000,0x000000cd4e900000) (1024K)]
Total: 15

Other Threads:
  0x0000022fbb820480 VMThread "VM Thread"                           [id=25672, stack(0x000000cd4d900000,0x000000cd4da00000) (1024K)]
  0x0000022fbb8093d0 WatcherThread "VM Periodic Task Thread"        [id=28044, stack(0x000000cd4d800000,0x000000cd4d900000) (1024K)]
  0x0000022fa07ff9b0 WorkerThread "GC Thread#0"                     [id=29752, stack(0x000000cd4d300000,0x000000cd4d400000) (1024K)]
  0x0000022fa0811710 ConcurrentGCThread "G1 Main Marker"            [id=14492, stack(0x000000cd4d400000,0x000000cd4d500000) (1024K)]
  0x0000022fa08129b0 WorkerThread "G1 Conc#0"                       [id=32776, stack(0x000000cd4d500000,0x000000cd4d600000) (1024K)]
  0x0000022fbb6c79b0 ConcurrentGCThread "G1 Refine#0"               [id=20472, stack(0x000000cd4d600000,0x000000cd4d700000) (1024K)]
  0x0000022fbb6c9440 ConcurrentGCThread "G1 Service"                [id=36356, stack(0x000000cd4d700000,0x000000cd4d800000) (1024K)]
Total: 7

Threads with active compile tasks:
C2 CompilerThread0  521 1110       4       sun.security.ec.ECOperations::setDouble (463 bytes)
C2 CompilerThread1  521 1136       4       sun.security.util.math.intpoly.IntegerPolynomial::multByInt (30 bytes)
Total: 2

VM state: not at safepoint (normal execution)

VM Mutex/Monitor currently owned by a thread: None

Heap address: 0x0000000701000000, size: 4080 MB, Compressed Oops mode: Zero based, Oop shift amount: 3

CDS archive(s) mapped at: [0x0000022fbc000000-0x0000022fbcd00000-0x0000022fbcd00000), size 13631488, SharedBaseAddress: 0x0000022fbc000000, ArchiveRelocationMode: 1.
Compressed class space mapped at: 0x0000022fbd000000-0x0000022ffd000000, reserved size: 1073741824
Narrow klass base: 0x0000022fbc000000, Narrow klass shift: 0, Narrow klass range: 0x100000000

GC Precious Log:
 CardTable entry size: 512
 Card Set container configuration: InlinePtr #cards 4 size 8 Array Of Cards #cards 16 size 48 Howl #buckets 8 coarsen threshold 3686 Howl Bitmap #cards 512 size 80 coarsen threshold 460 Card regions per heap region 1 cards per card region 4096
 CPUs: 6 total, 6 available
 Memory: 16319M
 Large Page Support: Disabled
 NUMA Support: Disabled
 Compressed Oops: Enabled (Zero based)
 Heap Region Size: 2M
 Heap Min Capacity: 8M
 Heap Initial Capacity: 256M
 Heap Max Capacity: 4080M
 Pre-touch: Disabled
 Parallel Workers: 6
 Concurrent Workers: 2
 Concurrent Refinement Workers: 6
 Periodic GC: Disabled

Heap:
 garbage-first heap   total 262144K, used 14336K [0x0000000701000000, 0x0000000800000000)
  region size 2048K, 8 young (16384K), 0 survivors (0K)
 Metaspace       used 8815K, committed 9088K, reserved 1114112K
  class space    used 1010K, committed 1152K, reserved 1048576K

Heap Regions: E=young(eden), S=young(survivor), O=old, HS=humongous(starts), HC=humongous(continues), CS=collection set, F=free, TAMS=top-at-mark-start, PB=parsable bottom
|   0|0x0000000701000000, 0x0000000701000000, 0x0000000701200000|  0%| F|  |TAMS 0x0000000701000000| PB 0x0000000701000000| Untracked 
|   1|0x0000000701200000, 0x0000000701200000, 0x0000000701400000|  0%| F|  |TAMS 0x0000000701200000| PB 0x0000000701200000| Untracked 
|   2|0x0000000701400000, 0x0000000701400000, 0x0000000701600000|  0%| F|  |TAMS 0x0000000701400000| PB 0x0000000701400000| Untracked 
|   3|0x0000000701600000, 0x0000000701600000, 0x0000000701800000|  0%| F|  |TAMS 0x0000000701600000| PB 0x0000000701600000| Untracked 
|   4|0x0000000701800000, 0x0000000701800000, 0x0000000701a00000|  0%| F|  |TAMS 0x0000000701800000| PB 0x0000000701800000| Untracked 
|   5|0x0000000701a00000, 0x0000000701a00000, 0x0000000701c00000|  0%| F|  |TAMS 0x0000000701a00000| PB 0x0000000701a00000| Untracked 
|   6|0x0000000701c00000, 0x0000000701c00000, 0x0000000701e00000|  0%| F|  |TAMS 0x0000000701c00000| PB 0x0000000701c00000| Untracked 
|   7|0x0000000701e00000, 0x0000000701e00000, 0x0000000702000000|  0%| F|  |TAMS 0x0000000701e00000| PB 0x0000000701e00000| Untracked 
|   8|0x0000000702000000, 0x0000000702000000, 0x0000000702200000|  0%| F|  |TAMS 0x0000000702000000| PB 0x0000000702000000| Untracked 
|   9|0x0000000702200000, 0x0000000702200000, 0x0000000702400000|  0%| F|  |TAMS 0x0000000702200000| PB 0x0000000702200000| Untracked 
|  10|0x0000000702400000, 0x0000000702400000, 0x0000000702600000|  0%| F|  |TAMS 0x0000000702400000| PB 0x0000000702400000| Untracked 
|  11|0x0000000702600000, 0x0000000702600000, 0x0000000702800000|  0%| F|  |TAMS 0x0000000702600000| PB 0x0000000702600000| Untracked 
|  12|0x0000000702800000, 0x0000000702800000, 0x0000000702a00000|  0%| F|  |TAMS 0x0000000702800000| PB 0x0000000702800000| Untracked 
|  13|0x0000000702a00000, 0x0000000702a00000, 0x0000000702c00000|  0%| F|  |TAMS 0x0000000702a00000| PB 0x0000000702a00000| Untracked 
|  14|0x0000000702c00000, 0x0000000702c00000, 0x0000000702e00000|  0%| F|  |TAMS 0x0000000702c00000| PB 0x0000000702c00000| Untracked 
|  15|0x0000000702e00000, 0x0000000702e00000, 0x0000000703000000|  0%| F|  |TAMS 0x0000000702e00000| PB 0x0000000702e00000| Untracked 
|  16|0x0000000703000000, 0x0000000703000000, 0x0000000703200000|  0%| F|  |TAMS 0x0000000703000000| PB 0x0000000703000000| Untracked 
|  17|0x0000000703200000, 0x0000000703200000, 0x0000000703400000|  0%| F|  |TAMS 0x0000000703200000| PB 0x0000000703200000| Untracked 
|  18|0x0000000703400000, 0x0000000703400000, 0x0000000703600000|  0%| F|  |TAMS 0x0000000703400000| PB 0x0000000703400000| Untracked 
|  19|0x0000000703600000, 0x0000000703600000, 0x0000000703800000|  0%| F|  |TAMS 0x0000000703600000| PB 0x0000000703600000| Untracked 
|  20|0x0000000703800000, 0x0000000703800000, 0x0000000703a00000|  0%| F|  |TAMS 0x0000000703800000| PB 0x0000000703800000| Untracked 
|  21|0x0000000703a00000, 0x0000000703a00000, 0x0000000703c00000|  0%| F|  |TAMS 0x0000000703a00000| PB 0x0000000703a00000| Untracked 
|  22|0x0000000703c00000, 0x0000000703c00000, 0x0000000703e00000|  0%| F|  |TAMS 0x0000000703c00000| PB 0x0000000703c00000| Untracked 
|  23|0x0000000703e00000, 0x0000000703e00000, 0x0000000704000000|  0%| F|  |TAMS 0x0000000703e00000| PB 0x0000000703e00000| Untracked 
|  24|0x0000000704000000, 0x0000000704000000, 0x0000000704200000|  0%| F|  |TAMS 0x0000000704000000| PB 0x0000000704000000| Untracked 
|  25|0x0000000704200000, 0x0000000704200000, 0x0000000704400000|  0%| F|  |TAMS 0x0000000704200000| PB 0x0000000704200000| Untracked 
|  26|0x0000000704400000, 0x0000000704400000, 0x0000000704600000|  0%| F|  |TAMS 0x0000000704400000| PB 0x0000000704400000| Untracked 
|  27|0x0000000704600000, 0x0000000704600000, 0x0000000704800000|  0%| F|  |TAMS 0x0000000704600000| PB 0x0000000704600000| Untracked 
|  28|0x0000000704800000, 0x0000000704800000, 0x0000000704a00000|  0%| F|  |TAMS 0x0000000704800000| PB 0x0000000704800000| Untracked 
|  29|0x0000000704a00000, 0x0000000704a00000, 0x0000000704c00000|  0%| F|  |TAMS 0x0000000704a00000| PB 0x0000000704a00000| Untracked 
|  30|0x0000000704c00000, 0x0000000704c00000, 0x0000000704e00000|  0%| F|  |TAMS 0x0000000704c00000| PB 0x0000000704c00000| Untracked 
|  31|0x0000000704e00000, 0x0000000704e00000, 0x0000000705000000|  0%| F|  |TAMS 0x0000000704e00000| PB 0x0000000704e00000| Untracked 
|  32|0x0000000705000000, 0x0000000705000000, 0x0000000705200000|  0%| F|  |TAMS 0x0000000705000000| PB 0x0000000705000000| Untracked 
|  33|0x0000000705200000, 0x0000000705200000, 0x0000000705400000|  0%| F|  |TAMS 0x0000000705200000| PB 0x0000000705200000| Untracked 
|  34|0x0000000705400000, 0x0000000705400000, 0x0000000705600000|  0%| F|  |TAMS 0x0000000705400000| PB 0x0000000705400000| Untracked 
|  35|0x0000000705600000, 0x0000000705600000, 0x0000000705800000|  0%| F|  |TAMS 0x0000000705600000| PB 0x0000000705600000| Untracked 
|  36|0x0000000705800000, 0x0000000705800000, 0x0000000705a00000|  0%| F|  |TAMS 0x0000000705800000| PB 0x0000000705800000| Untracked 
|  37|0x0000000705a00000, 0x0000000705a00000, 0x0000000705c00000|  0%| F|  |TAMS 0x0000000705a00000| PB 0x0000000705a00000| Untracked 
|  38|0x0000000705c00000, 0x0000000705c00000, 0x0000000705e00000|  0%| F|  |TAMS 0x0000000705c00000| PB 0x0000000705c00000| Untracked 
|  39|0x0000000705e00000, 0x0000000705e00000, 0x0000000706000000|  0%| F|  |TAMS 0x0000000705e00000| PB 0x0000000705e00000| Untracked 
|  40|0x0000000706000000, 0x0000000706000000, 0x0000000706200000|  0%| F|  |TAMS 0x0000000706000000| PB 0x0000000706000000| Untracked 
|  41|0x0000000706200000, 0x0000000706200000, 0x0000000706400000|  0%| F|  |TAMS 0x0000000706200000| PB 0x0000000706200000| Untracked 
|  42|0x0000000706400000, 0x0000000706400000, 0x0000000706600000|  0%| F|  |TAMS 0x0000000706400000| PB 0x0000000706400000| Untracked 
|  43|0x0000000706600000, 0x0000000706600000, 0x0000000706800000|  0%| F|  |TAMS 0x0000000706600000| PB 0x0000000706600000| Untracked 
|  44|0x0000000706800000, 0x0000000706800000, 0x0000000706a00000|  0%| F|  |TAMS 0x0000000706800000| PB 0x0000000706800000| Untracked 
|  45|0x0000000706a00000, 0x0000000706a00000, 0x0000000706c00000|  0%| F|  |TAMS 0x0000000706a00000| PB 0x0000000706a00000| Untracked 
|  46|0x0000000706c00000, 0x0000000706c00000, 0x0000000706e00000|  0%| F|  |TAMS 0x0000000706c00000| PB 0x0000000706c00000| Untracked 
|  47|0x0000000706e00000, 0x0000000706e00000, 0x0000000707000000|  0%| F|  |TAMS 0x0000000706e00000| PB 0x0000000706e00000| Untracked 
|  48|0x0000000707000000, 0x0000000707000000, 0x0000000707200000|  0%| F|  |TAMS 0x0000000707000000| PB 0x0000000707000000| Untracked 
|  49|0x0000000707200000, 0x0000000707200000, 0x0000000707400000|  0%| F|  |TAMS 0x0000000707200000| PB 0x0000000707200000| Untracked 
|  50|0x0000000707400000, 0x0000000707400000, 0x0000000707600000|  0%| F|  |TAMS 0x0000000707400000| PB 0x0000000707400000| Untracked 
|  51|0x0000000707600000, 0x0000000707600000, 0x0000000707800000|  0%| F|  |TAMS 0x0000000707600000| PB 0x0000000707600000| Untracked 
|  52|0x0000000707800000, 0x0000000707800000, 0x0000000707a00000|  0%| F|  |TAMS 0x0000000707800000| PB 0x0000000707800000| Untracked 
|  53|0x0000000707a00000, 0x0000000707a00000, 0x0000000707c00000|  0%| F|  |TAMS 0x0000000707a00000| PB 0x0000000707a00000| Untracked 
|  54|0x0000000707c00000, 0x0000000707c00000, 0x0000000707e00000|  0%| F|  |TAMS 0x0000000707c00000| PB 0x0000000707c00000| Untracked 
|  55|0x0000000707e00000, 0x0000000707e00000, 0x0000000708000000|  0%| F|  |TAMS 0x0000000707e00000| PB 0x0000000707e00000| Untracked 
|  56|0x0000000708000000, 0x0000000708000000, 0x0000000708200000|  0%| F|  |TAMS 0x0000000708000000| PB 0x0000000708000000| Untracked 
|  57|0x0000000708200000, 0x0000000708200000, 0x0000000708400000|  0%| F|  |TAMS 0x0000000708200000| PB 0x0000000708200000| Untracked 
|  58|0x0000000708400000, 0x0000000708400000, 0x0000000708600000|  0%| F|  |TAMS 0x0000000708400000| PB 0x0000000708400000| Untracked 
|  59|0x0000000708600000, 0x0000000708600000, 0x0000000708800000|  0%| F|  |TAMS 0x0000000708600000| PB 0x0000000708600000| Untracked 
|  60|0x0000000708800000, 0x0000000708800000, 0x0000000708a00000|  0%| F|  |TAMS 0x0000000708800000| PB 0x0000000708800000| Untracked 
|  61|0x0000000708a00000, 0x0000000708a00000, 0x0000000708c00000|  0%| F|  |TAMS 0x0000000708a00000| PB 0x0000000708a00000| Untracked 
|  62|0x0000000708c00000, 0x0000000708c00000, 0x0000000708e00000|  0%| F|  |TAMS 0x0000000708c00000| PB 0x0000000708c00000| Untracked 
|  63|0x0000000708e00000, 0x0000000708e00000, 0x0000000709000000|  0%| F|  |TAMS 0x0000000708e00000| PB 0x0000000708e00000| Untracked 
|  64|0x0000000709000000, 0x0000000709000000, 0x0000000709200000|  0%| F|  |TAMS 0x0000000709000000| PB 0x0000000709000000| Untracked 
|  65|0x0000000709200000, 0x0000000709200000, 0x0000000709400000|  0%| F|  |TAMS 0x0000000709200000| PB 0x0000000709200000| Untracked 
|  66|0x0000000709400000, 0x0000000709400000, 0x0000000709600000|  0%| F|  |TAMS 0x0000000709400000| PB 0x0000000709400000| Untracked 
|  67|0x0000000709600000, 0x0000000709600000, 0x0000000709800000|  0%| F|  |TAMS 0x0000000709600000| PB 0x0000000709600000| Untracked 
|  68|0x0000000709800000, 0x0000000709800000, 0x0000000709a00000|  0%| F|  |TAMS 0x0000000709800000| PB 0x0000000709800000| Untracked 
|  69|0x0000000709a00000, 0x0000000709a00000, 0x0000000709c00000|  0%| F|  |TAMS 0x0000000709a00000| PB 0x0000000709a00000| Untracked 
|  70|0x0000000709c00000, 0x0000000709c00000, 0x0000000709e00000|  0%| F|  |TAMS 0x0000000709c00000| PB 0x0000000709c00000| Untracked 
|  71|0x0000000709e00000, 0x0000000709e00000, 0x000000070a000000|  0%| F|  |TAMS 0x0000000709e00000| PB 0x0000000709e00000| Untracked 
|  72|0x000000070a000000, 0x000000070a000000, 0x000000070a200000|  0%| F|  |TAMS 0x000000070a000000| PB 0x000000070a000000| Untracked 
|  73|0x000000070a200000, 0x000000070a200000, 0x000000070a400000|  0%| F|  |TAMS 0x000000070a200000| PB 0x000000070a200000| Untracked 
|  74|0x000000070a400000, 0x000000070a400000, 0x000000070a600000|  0%| F|  |TAMS 0x000000070a400000| PB 0x000000070a400000| Untracked 
|  75|0x000000070a600000, 0x000000070a600000, 0x000000070a800000|  0%| F|  |TAMS 0x000000070a600000| PB 0x000000070a600000| Untracked 
|  76|0x000000070a800000, 0x000000070a800000, 0x000000070aa00000|  0%| F|  |TAMS 0x000000070a800000| PB 0x000000070a800000| Untracked 
|  77|0x000000070aa00000, 0x000000070aa00000, 0x000000070ac00000|  0%| F|  |TAMS 0x000000070aa00000| PB 0x000000070aa00000| Untracked 
|  78|0x000000070ac00000, 0x000000070ac00000, 0x000000070ae00000|  0%| F|  |TAMS 0x000000070ac00000| PB 0x000000070ac00000| Untracked 
|  79|0x000000070ae00000, 0x000000070ae00000, 0x000000070b000000|  0%| F|  |TAMS 0x000000070ae00000| PB 0x000000070ae00000| Untracked 
|  80|0x000000070b000000, 0x000000070b000000, 0x000000070b200000|  0%| F|  |TAMS 0x000000070b000000| PB 0x000000070b000000| Untracked 
|  81|0x000000070b200000, 0x000000070b200000, 0x000000070b400000|  0%| F|  |TAMS 0x000000070b200000| PB 0x000000070b200000| Untracked 
|  82|0x000000070b400000, 0x000000070b400000, 0x000000070b600000|  0%| F|  |TAMS 0x000000070b400000| PB 0x000000070b400000| Untracked 
|  83|0x000000070b600000, 0x000000070b600000, 0x000000070b800000|  0%| F|  |TAMS 0x000000070b600000| PB 0x000000070b600000| Untracked 
|  84|0x000000070b800000, 0x000000070b800000, 0x000000070ba00000|  0%| F|  |TAMS 0x000000070b800000| PB 0x000000070b800000| Untracked 
|  85|0x000000070ba00000, 0x000000070ba00000, 0x000000070bc00000|  0%| F|  |TAMS 0x000000070ba00000| PB 0x000000070ba00000| Untracked 
|  86|0x000000070bc00000, 0x000000070bc00000, 0x000000070be00000|  0%| F|  |TAMS 0x000000070bc00000| PB 0x000000070bc00000| Untracked 
|  87|0x000000070be00000, 0x000000070be00000, 0x000000070c000000|  0%| F|  |TAMS 0x000000070be00000| PB 0x000000070be00000| Untracked 
|  88|0x000000070c000000, 0x000000070c000000, 0x000000070c200000|  0%| F|  |TAMS 0x000000070c000000| PB 0x000000070c000000| Untracked 
|  89|0x000000070c200000, 0x000000070c200000, 0x000000070c400000|  0%| F|  |TAMS 0x000000070c200000| PB 0x000000070c200000| Untracked 
|  90|0x000000070c400000, 0x000000070c400000, 0x000000070c600000|  0%| F|  |TAMS 0x000000070c400000| PB 0x000000070c400000| Untracked 
|  91|0x000000070c600000, 0x000000070c600000, 0x000000070c800000|  0%| F|  |TAMS 0x000000070c600000| PB 0x000000070c600000| Untracked 
|  92|0x000000070c800000, 0x000000070c800000, 0x000000070ca00000|  0%| F|  |TAMS 0x000000070c800000| PB 0x000000070c800000| Untracked 
|  93|0x000000070ca00000, 0x000000070ca00000, 0x000000070cc00000|  0%| F|  |TAMS 0x000000070ca00000| PB 0x000000070ca00000| Untracked 
|  94|0x000000070cc00000, 0x000000070cc00000, 0x000000070ce00000|  0%| F|  |TAMS 0x000000070cc00000| PB 0x000000070cc00000| Untracked 
|  95|0x000000070ce00000, 0x000000070ce00000, 0x000000070d000000|  0%| F|  |TAMS 0x000000070ce00000| PB 0x000000070ce00000| Untracked 
|  96|0x000000070d000000, 0x000000070d000000, 0x000000070d200000|  0%| F|  |TAMS 0x000000070d000000| PB 0x000000070d000000| Untracked 
|  97|0x000000070d200000, 0x000000070d200000, 0x000000070d400000|  0%| F|  |TAMS 0x000000070d200000| PB 0x000000070d200000| Untracked 
|  98|0x000000070d400000, 0x000000070d400000, 0x000000070d600000|  0%| F|  |TAMS 0x000000070d400000| PB 0x000000070d400000| Untracked 
|  99|0x000000070d600000, 0x000000070d600000, 0x000000070d800000|  0%| F|  |TAMS 0x000000070d600000| PB 0x000000070d600000| Untracked 
| 100|0x000000070d800000, 0x000000070d800000, 0x000000070da00000|  0%| F|  |TAMS 0x000000070d800000| PB 0x000000070d800000| Untracked 
| 101|0x000000070da00000, 0x000000070da00000, 0x000000070dc00000|  0%| F|  |TAMS 0x000000070da00000| PB 0x000000070da00000| Untracked 
| 102|0x000000070dc00000, 0x000000070dc00000, 0x000000070de00000|  0%| F|  |TAMS 0x000000070dc00000| PB 0x000000070dc00000| Untracked 
| 103|0x000000070de00000, 0x000000070de00000, 0x000000070e000000|  0%| F|  |TAMS 0x000000070de00000| PB 0x000000070de00000| Untracked 
| 104|0x000000070e000000, 0x000000070e000000, 0x000000070e200000|  0%| F|  |TAMS 0x000000070e000000| PB 0x000000070e000000| Untracked 
| 105|0x000000070e200000, 0x000000070e200000, 0x000000070e400000|  0%| F|  |TAMS 0x000000070e200000| PB 0x000000070e200000| Untracked 
| 106|0x000000070e400000, 0x000000070e400000, 0x000000070e600000|  0%| F|  |TAMS 0x000000070e400000| PB 0x000000070e400000| Untracked 
| 107|0x000000070e600000, 0x000000070e600000, 0x000000070e800000|  0%| F|  |TAMS 0x000000070e600000| PB 0x000000070e600000| Untracked 
| 108|0x000000070e800000, 0x000000070e800000, 0x000000070ea00000|  0%| F|  |TAMS 0x000000070e800000| PB 0x000000070e800000| Untracked 
| 109|0x000000070ea00000, 0x000000070ea00000, 0x000000070ec00000|  0%| F|  |TAMS 0x000000070ea00000| PB 0x000000070ea00000| Untracked 
| 110|0x000000070ec00000, 0x000000070ec00000, 0x000000070ee00000|  0%| F|  |TAMS 0x000000070ec00000| PB 0x000000070ec00000| Untracked 
| 111|0x000000070ee00000, 0x000000070ee00000, 0x000000070f000000|  0%| F|  |TAMS 0x000000070ee00000| PB 0x000000070ee00000| Untracked 
| 112|0x000000070f000000, 0x000000070f000000, 0x000000070f200000|  0%| F|  |TAMS 0x000000070f000000| PB 0x000000070f000000| Untracked 
| 113|0x000000070f200000, 0x000000070f200000, 0x000000070f400000|  0%| F|  |TAMS 0x000000070f200000| PB 0x000000070f200000| Untracked 
| 114|0x000000070f400000, 0x000000070f400000, 0x000000070f600000|  0%| F|  |TAMS 0x000000070f400000| PB 0x000000070f400000| Untracked 
| 115|0x000000070f600000, 0x000000070f600000, 0x000000070f800000|  0%| F|  |TAMS 0x000000070f600000| PB 0x000000070f600000| Untracked 
| 116|0x000000070f800000, 0x000000070f800000, 0x000000070fa00000|  0%| F|  |TAMS 0x000000070f800000| PB 0x000000070f800000| Untracked 
| 117|0x000000070fa00000, 0x000000070fa00000, 0x000000070fc00000|  0%| F|  |TAMS 0x000000070fa00000| PB 0x000000070fa00000| Untracked 
| 118|0x000000070fc00000, 0x000000070fc00000, 0x000000070fe00000|  0%| F|  |TAMS 0x000000070fc00000| PB 0x000000070fc00000| Untracked 
| 119|0x000000070fe00000, 0x000000070fe00000, 0x0000000710000000|  0%| F|  |TAMS 0x000000070fe00000| PB 0x000000070fe00000| Untracked 
| 120|0x0000000710000000, 0x0000000710200000, 0x0000000710200000|100%| E|  |TAMS 0x0000000710000000| PB 0x0000000710000000| Complete 
| 121|0x0000000710200000, 0x0000000710400000, 0x0000000710400000|100%| E|CS|TAMS 0x0000000710200000| PB 0x0000000710200000| Complete 
| 122|0x0000000710400000, 0x0000000710600000, 0x0000000710600000|100%| E|CS|TAMS 0x0000000710400000| PB 0x0000000710400000| Complete 
| 123|0x0000000710600000, 0x0000000710800000, 0x0000000710800000|100%| E|CS|TAMS 0x0000000710600000| PB 0x0000000710600000| Complete 
| 124|0x0000000710800000, 0x0000000710a00000, 0x0000000710a00000|100%| E|CS|TAMS 0x0000000710800000| PB 0x0000000710800000| Complete 
| 125|0x0000000710a00000, 0x0000000710c00000, 0x0000000710c00000|100%| E|CS|TAMS 0x0000000710a00000| PB 0x0000000710a00000| Complete 
| 126|0x0000000710c00000, 0x0000000710e00000, 0x0000000710e00000|100%| E|CS|TAMS 0x0000000710c00000| PB 0x0000000710c00000| Complete 
| 127|0x0000000710e00000, 0x0000000711000000, 0x0000000711000000|100%| E|CS|TAMS 0x0000000710e00000| PB 0x0000000710e00000| Complete 

Card table byte_map: [0x0000022fb4860000,0x0000022fb5060000] _byte_map_base: 0x0000022fb1058000

Marking Bits: (CMBitMap*) 0x0000022fa08000b0
 Bits: [0x0000022fb5060000, 0x0000022fb9020000)

Polling page: 0x0000022f9eed0000

Metaspace:

Usage:
  Non-class:      7.64 MB used.
      Class:   1014.95 KB used.
       Both:      8.63 MB used.

Virtual space:
  Non-class space:       64.00 MB reserved,       7.81 MB ( 12%) committed,  1 nodes.
      Class space:        1.00 GB reserved,       1.12 MB ( <1%) committed,  1 nodes.
             Both:        1.06 GB reserved,       8.94 MB ( <1%) committed. 

Chunk freelists:
   Non-Class:  8.12 MB
       Class:  14.73 MB
        Both:  22.85 MB

MaxMetaspaceSize: unlimited
CompressedClassSpaceSize: 1.00 GB
Initial GC threshold: 21.00 MB
Current GC threshold: 21.00 MB
CDS: on
 - commit_granule_bytes: 65536.
 - commit_granule_words: 8192.
 - virtual_space_node_default_size: 8388608.
 - enlarge_chunks_in_place: 1.
 - use_allocation_guard: 0.


Internal statistics:

num_allocs_failed_limit: 0.
num_arena_births: 230.
num_arena_deaths: 0.
num_vsnodes_births: 2.
num_vsnodes_deaths: 0.
num_space_committed: 143.
num_space_uncommitted: 0.
num_chunks_returned_to_freelist: 0.
num_chunks_taken_from_freelist: 385.
num_chunk_merges: 0.
num_chunk_splits: 228.
num_chunks_enlarged: 102.
num_inconsistent_stats: 0.

CodeHeap 'non-profiled nmethods': size=120000Kb used=396Kb max_used=396Kb free=119603Kb
 bounds [0x0000022fac2e0000, 0x0000022fac550000, 0x0000022fb3810000]
CodeHeap 'profiled nmethods': size=120000Kb used=1831Kb max_used=1831Kb free=118168Kb
 bounds [0x0000022fa4810000, 0x0000022fa4a80000, 0x0000022fabd40000]
CodeHeap 'non-nmethods': size=5760Kb used=1428Kb max_used=1443Kb free=4331Kb
 bounds [0x0000022fabd40000, 0x0000022fabfb0000, 0x0000022fac2e0000]
 total_blobs=1665 nmethods=1150 adapters=420
 compilation: enabled
              stopped_count=0, restarted_count=0
 full_count=0

Compilation events (20 events):
Event: 0.492 Thread 0x0000022ffd51a0d0 1127       4       jdk.internal.org.objectweb.asm.SymbolTable::addConstantUtf8 (98 bytes)
Event: 0.492 Thread 0x0000022fbbac8090 nmethod 1125 0x0000022fa49c3510 code [0x0000022fa49c3700, 0x0000022fa49c3b28]
Event: 0.492 Thread 0x0000022fbbac8090 1126       3       java.lang.invoke.MethodHandleNatives::canBeCalledVirtual (49 bytes)
Event: 0.493 Thread 0x0000022fbbac8090 nmethod 1126 0x0000022fa49c3c90 code [0x0000022fa49c3e80, 0x0000022fa49c4328]
Event: 0.493 Thread 0x0000022fbbac8090 1124       3       jdk.internal.org.objectweb.asm.ClassWriter::<init> (7 bytes)
Event: 0.493 Thread 0x0000022fbbac8090 nmethod 1124 0x0000022fa49c4490 code [0x0000022fa49c4640, 0x0000022fa49c4788]
Event: 0.493 Thread 0x0000022fbbac8090 1128       1       java.security.Provider::getName (5 bytes)
Event: 0.493 Thread 0x0000022fbbac8090 nmethod 1128 0x0000022fac340d90 code [0x0000022fac340f20, 0x0000022fac340ff0]
Event: 0.495 Thread 0x0000022fbbac8090 1129       3       java.lang.Boolean::valueOf (14 bytes)
Event: 0.495 Thread 0x0000022fbbac8090 nmethod 1129 0x0000022fa49c4810 code [0x0000022fa49c49c0, 0x0000022fa49c4b28]
Event: 0.499 Thread 0x0000022fbbac8090 1130       3       java.lang.invoke.MethodHandles$Lookup::resolveOrFail (48 bytes)
Event: 0.499 Thread 0x0000022fbbac8090 nmethod 1130 0x0000022fa49c4b90 code [0x0000022fa49c4de0, 0x0000022fa49c5498]
Event: 0.499 Thread 0x0000022fbbac8090 1131       3       java.lang.invoke.MethodHandles$Lookup::checkMethodName (45 bytes)
Event: 0.500 Thread 0x0000022fbbac8090 nmethod 1131 0x0000022fa49c5790 code [0x0000022fa49c59e0, 0x0000022fa49c60a8]
Event: 0.500 Thread 0x0000022fbbac8090 1132       3       sun.security.ec.XECOperations::bitAt (23 bytes)
Event: 0.500 Thread 0x0000022fbbac8090 nmethod 1132 0x0000022fa49c6390 code [0x0000022fa49c6540, 0x0000022fa49c66d8]
Event: 0.500 Thread 0x0000022fbbac8090 1133       3       sun.security.util.math.intpoly.IntegerPolynomial25519::reduce (40 bytes)
Event: 0.500 Thread 0x0000022fbbac8090 nmethod 1133 0x0000022fa49c6810 code [0x0000022fa49c69e0, 0x0000022fa49c6ce0]
Event: 0.500 Thread 0x0000022fbbac8090 1134       3       sun.security.util.math.intpoly.IntegerPolynomial25519::carryReduce (391 bytes)
Event: 0.500 Thread 0x0000022fbbac8090 nmethod 1134 0x0000022fa49c6e90 code [0x0000022fa49c7040, 0x0000022fa49c74a0]

GC Heap History (0 events):
No events

Dll operation events (2 events):
Event: 0.006 Loaded shared library C:\Program Files\JetBrains\IntelliJ IDEA Community Edition 2024.3.1.1\jbr\bin\java.dll
Event: 0.062 Loaded shared library C:\Program Files\JetBrains\IntelliJ IDEA Community Edition 2024.3.1.1\jbr\bin\zip.dll

Deoptimization events (20 events):
Event: 0.500 Thread 0x0000022ffd466750 Uncommon trap: trap_request=0xffffff66 fr.pc=0x0000022fac33ccfc relative=0x000000000000031c
Event: 0.500 Thread 0x0000022ffd466750 Uncommon trap: reason=speculate_class_check action=maybe_recompile pc=0x0000022fac33ccfc method=sun.security.util.math.intpoly.IntegerPolynomial.multByInt([JJ)V @ 26 c2
Event: 0.500 Thread 0x0000022ffd466750 DEOPT PACKING pc=0x0000022fac33ccfc sp=0x000000cd4e6fe020
Event: 0.500 Thread 0x0000022ffd466750 DEOPT UNPACKING pc=0x0000022fabd946a2 sp=0x000000cd4e6fdf60 mode 2
Event: 0.500 Thread 0x0000022ffd466750 Uncommon trap: trap_request=0xffffffde fr.pc=0x0000022fac337c40 relative=0x0000000000000280
Event: 0.500 Thread 0x0000022ffd466750 Uncommon trap: reason=class_check action=maybe_recompile pc=0x0000022fac337c40 method=sun.security.util.math.intpoly.IntegerPolynomial.multByInt([JJ)V @ 26 c2
Event: 0.500 Thread 0x0000022ffd466750 DEOPT PACKING pc=0x0000022fac337c40 sp=0x000000cd4e6fdf90
Event: 0.500 Thread 0x0000022ffd466750 DEOPT UNPACKING pc=0x0000022fabd946a2 sp=0x000000cd4e6fdf60 mode 2
Event: 0.500 Thread 0x0000022ffd466750 Uncommon trap: trap_request=0xffffffde fr.pc=0x0000022fac337c40 relative=0x0000000000000280
Event: 0.500 Thread 0x0000022ffd466750 Uncommon trap: reason=class_check action=maybe_recompile pc=0x0000022fac337c40 method=sun.security.util.math.intpoly.IntegerPolynomial.multByInt([JJ)V @ 26 c2
Event: 0.500 Thread 0x0000022ffd466750 DEOPT PACKING pc=0x0000022fac337c40 sp=0x000000cd4e6fdf90
Event: 0.500 Thread 0x0000022ffd466750 DEOPT UNPACKING pc=0x0000022fabd946a2 sp=0x000000cd4e6fdf60 mode 2
Event: 0.500 Thread 0x0000022ffd466750 Uncommon trap: trap_request=0xffffffde fr.pc=0x0000022fac337c40 relative=0x0000000000000280
Event: 0.500 Thread 0x0000022ffd466750 Uncommon trap: reason=class_check action=maybe_recompile pc=0x0000022fac337c40 method=sun.security.util.math.intpoly.IntegerPolynomial.multByInt([JJ)V @ 26 c2
Event: 0.500 Thread 0x0000022ffd466750 DEOPT PACKING pc=0x0000022fac337c40 sp=0x000000cd4e6fdf90
Event: 0.500 Thread 0x0000022ffd466750 DEOPT UNPACKING pc=0x0000022fabd946a2 sp=0x000000cd4e6fdf60 mode 2
Event: 0.500 Thread 0x0000022ffd466750 Uncommon trap: trap_request=0xffffffde fr.pc=0x0000022fac337c40 relative=0x0000000000000280
Event: 0.500 Thread 0x0000022ffd466750 Uncommon trap: reason=class_check action=maybe_recompile pc=0x0000022fac337c40 method=sun.security.util.math.intpoly.IntegerPolynomial.multByInt([JJ)V @ 26 c2
Event: 0.500 Thread 0x0000022ffd466750 DEOPT PACKING pc=0x0000022fac337c40 sp=0x000000cd4e6fdf90
Event: 0.500 Thread 0x0000022ffd466750 DEOPT UNPACKING pc=0x0000022fabd946a2 sp=0x000000cd4e6fdf60 mode 2

Classes loaded (20 events):
Event: 0.493 Loading class java/security/spec/XECPublicKeySpec
Event: 0.494 Loading class java/security/spec/KeySpec
Event: 0.494 Loading class java/security/spec/KeySpec done
Event: 0.494 Loading class java/security/spec/XECPublicKeySpec done
Event: 0.494 Loading class java/security/spec/X509EncodedKeySpec
Event: 0.494 Loading class java/security/spec/EncodedKeySpec
Event: 0.494 Loading class java/security/spec/EncodedKeySpec done
Event: 0.494 Loading class java/security/spec/X509EncodedKeySpec done
Event: 0.495 Loading class sun/security/ssl/XDHKeyExchange
Event: 0.495 Loading class sun/security/ssl/XDHKeyExchange done
Event: 0.495 Loading class sun/security/ssl/XDHKeyExchange$XDHEKAGenerator
Event: 0.495 Loading class sun/security/ssl/XDHKeyExchange$XDHEKAGenerator done
Event: 0.495 Loading class sun/security/ssl/KAKeyDerivation
Event: 0.495 Loading class sun/security/ssl/KAKeyDerivation done
Event: 0.496 Loading class javax/crypto/KeyAgreementSpi
Event: 0.496 Loading class javax/crypto/KeyAgreementSpi done
Event: 0.496 Loading class javax/crypto/ShortBufferException
Event: 0.496 Loading class javax/crypto/ShortBufferException done
Event: 0.498 Loading class javax/crypto/SecretKey
Event: 0.498 Loading class javax/crypto/SecretKey done

Classes unloaded (0 events):
No events

Classes redefined (0 events):
No events

Internal exceptions (20 events):
Event: 0.279 Thread 0x0000022f9eba5c90 Exception <a 'java/lang/NoSuchMethodError'{0x00000007108dcd18}: 'int java.lang.invoke.DirectMethodHandle$Holder.invokeStaticInit(java.lang.Object, long, long)'> (0x00000007108dcd18) 
thrown [s\src\hotspot\share\interpreter\linkResolver.cpp, line 784]
Event: 0.280 Thread 0x0000022f9eba5c90 Exception <a 'java/lang/NoSuchMethodError'{0x00000007108e37b0}: 'int java.lang.invoke.DirectMethodHandle$Holder.invokeStaticInit(java.lang.Object, float, float)'> (0x00000007108e37b0) 
thrown [s\src\hotspot\share\interpreter\linkResolver.cpp, line 784]
Event: 0.281 Thread 0x0000022f9eba5c90 Exception <a 'java/lang/NoSuchMethodError'{0x00000007108ea240}: 'int java.lang.invoke.DirectMethodHandle$Holder.invokeStaticInit(java.lang.Object, double, double)'> (0x00000007108ea240) 
thrown [s\src\hotspot\share\interpreter\linkResolver.cpp, line 784]
Event: 0.281 Thread 0x0000022f9eba5c90 Exception <a 'java/lang/NoSuchMethodError'{0x00000007108ee8c8}: 'int java.lang.invoke.DirectMethodHandle$Holder.invokeStatic(java.lang.Object, long)'> (0x00000007108ee8c8) 
thrown [s\src\hotspot\share\interpreter\linkResolver.cpp, line 784]
Event: 0.285 Thread 0x0000022f9eba5c90 Exception <a 'java/lang/NoSuchMethodError'{0x0000000710918690}: 'java.lang.Object java.lang.invoke.DirectMethodHandle$Holder.invokeSpecial(java.lang.Object, java.lang.Object, int, java.lang.Object, java.lang.Object)'> (0x0000000710918690) 
thrown [s\src\hotspot\share\interpreter\linkResolver.cpp, line 784]
Event: 0.285 Thread 0x0000022f9eba5c90 Exception <a 'java/lang/NoSuchMethodError'{0x000000071091c020}: 'java.lang.Object java.lang.invoke.DelegatingMethodHandle$Holder.delegate(java.lang.Object, int, java.lang.Object, java.lang.Object)'> (0x000000071091c020) 
thrown [s\src\hotspot\share\interpreter\linkResolver.cpp, line 784]
Event: 0.287 Thread 0x0000022f9eba5c90 Exception <a 'java/lang/NoSuchMethodError'{0x000000071092b340}: 'int java.lang.invoke.Invokers$Holder.linkToTargetMethod(java.lang.Object, java.lang.Object, java.lang.Object)'> (0x000000071092b340) 
thrown [s\src\hotspot\share\interpreter\linkResolver.cpp, line 784]
Event: 0.291 Thread 0x0000022f9eba5c90 Exception <a 'java/lang/NoSuchMethodError'{0x000000071095d230}: 'long java.lang.invoke.DirectMethodHandle$Holder.invokeSpecial(java.lang.Object, java.lang.Object)'> (0x000000071095d230) 
thrown [s\src\hotspot\share\interpreter\linkResolver.cpp, line 784]
Event: 0.291 Thread 0x0000022f9eba5c90 Exception <a 'java/lang/NoSuchMethodError'{0x0000000710963b00}: 'int java.lang.invoke.DirectMethodHandle$Holder.invokeStatic(java.lang.Object, java.lang.Object, java.lang.Object, java.lang.Object)'> (0x0000000710963b00) 
thrown [s\src\hotspot\share\interpreter\linkResolver.cpp, line 784]
Event: 0.292 Thread 0x0000022f9eba5c90 Exception <a 'java/lang/NoSuchMethodError'{0x0000000710966f20}: 'java.lang.Object java.lang.invoke.Invokers$Holder.invokeExact_MT(java.lang.Object, java.lang.Object, java.lang.Object, java.lang.Object, java.lang.Object, java.lang.Object)'> (0x0000000710966f20) 
thrown [s\src\hotspot\share\interpreter\linkResolver.cpp, line 784]
Event: 0.358 Thread 0x0000022f9eba5c90 Exception <a 'java/lang/NoSuchMethodError'{0x00000007107ce060}: 'java.lang.Object java.lang.invoke.DirectMethodHandle$Holder.newInvokeSpecial(java.lang.Object, java.lang.Object, java.lang.Object, java.lang.Object, java.lang.Object)'> (0x00000007107ce060) 
thrown [s\src\hotspot\share\interpreter\linkResolver.cpp, line 784]
Event: 0.380 Thread 0x0000022f9eba5c90 Exception <a 'java/lang/NoSuchMethodError'{0x0000000710556d08}: 'java.lang.Object java.lang.invoke.DirectMethodHandle$Holder.invokeSpecial(java.lang.Object, java.lang.Object, java.lang.Object, java.lang.Object, int)'> (0x0000000710556d08) 
thrown [s\src\hotspot\share\interpreter\linkResolver.cpp, line 784]
Event: 0.380 Thread 0x0000022f9eba5c90 Exception <a 'java/lang/NoSuchMethodError'{0x000000071055a670}: 'java.lang.Object java.lang.invoke.Invokers$Holder.linkToTargetMethod(java.lang.Object, java.lang.Object, int, java.lang.Object)'> (0x000000071055a670) 
thrown [s\src\hotspot\share\interpreter\linkResolver.cpp, line 784]
Event: 0.385 Thread 0x0000022f9eba5c90 Exception <a 'java/lang/NoSuchMethodError'{0x0000000710588968}: 'void java.lang.invoke.DirectMethodHandle$Holder.invokeSpecial(java.lang.Object, java.lang.Object, java.lang.Object)'> (0x0000000710588968) 
thrown [s\src\hotspot\share\interpreter\linkResolver.cpp, line 784]
Event: 0.396 Thread 0x0000022ffd3846e0 Exception <a 'java/lang/NoSuchMethodError'{0x000000071077d268}: 'void java.lang.invoke.DirectMethodHandle$Holder.invokeStatic(java.lang.Object, java.lang.Object, int)'> (0x000000071077d268) 
thrown [s\src\hotspot\share\interpreter\linkResolver.cpp, line 784]
Event: 0.397 Thread 0x0000022f9eba5c90 Exception <a 'java/lang/NoSuchMethodError'{0x0000000710218a38}: 'void java.lang.invoke.DirectMethodHandle$Holder.invokeSpecial(java.lang.Object, java.lang.Object, java.lang.Object, java.lang.Object, java.lang.Object)'> (0x0000000710218a38) 
thrown [s\src\hotspot\share\interpreter\linkResolver.cpp, line 784]
Event: 0.402 Thread 0x0000022ffd3846e0 Exception <a 'java/lang/NoSuchMethodError'{0x00000007107b76f8}: 'void java.lang.invoke.DirectMethodHandle$Holder.invokeStatic(java.lang.Object, java.lang.Object)'> (0x00000007107b76f8) 
thrown [s\src\hotspot\share\interpreter\linkResolver.cpp, line 784]
Event: 0.403 Thread 0x0000022ffd466750 Exception <a 'java/lang/NoSuchMethodError'{0x000000071028a810}: 'void java.lang.invoke.DirectMethodHandle$Holder.invokeInterface(java.lang.Object, java.lang.Object, java.lang.Object)'> (0x000000071028a810) 
thrown [s\src\hotspot\share\interpreter\linkResolver.cpp, line 784]
Event: 0.408 Thread 0x0000022ffd466750 Exception <a 'java/lang/NoSuchMethodError'{0x00000007102dc910}: 'void java.lang.invoke.DirectMethodHandle$Holder.invokeVirtual(java.lang.Object, java.lang.Object)'> (0x00000007102dc910) 
thrown [s\src\hotspot\share\interpreter\linkResolver.cpp, line 784]
Event: 0.492 Thread 0x0000022ffd466750 Exception <a 'java/lang/NoSuchMethodError'{0x0000000710145c98}: 'void java.lang.invoke.DirectMethodHandle$Holder.invokeInterface(java.lang.Object, java.lang.Object)'> (0x0000000710145c98) 
thrown [s\src\hotspot\share\interpreter\linkResolver.cpp, line 784]

ZGC Phase Switch (0 events):
No events

VM Operations (8 events):
Event: 0.073 Executing VM operation: HandshakeAllThreads (Deoptimize)
Event: 0.073 Executing VM operation: HandshakeAllThreads (Deoptimize) done
Event: 0.078 Executing VM operation: HandshakeAllThreads (Deoptimize)
Event: 0.078 Executing VM operation: HandshakeAllThreads (Deoptimize) done
Event: 0.210 Executing VM operation: HandshakeAllThreads (Deoptimize)
Event: 0.210 Executing VM operation: HandshakeAllThreads (Deoptimize) done
Event: 0.398 Executing VM operation: HandshakeAllThreads (Deoptimize)
Event: 0.398 Executing VM operation: HandshakeAllThreads (Deoptimize) done

Memory protections (0 events):
No events

Nmethod flushes (0 events):
No events

Events (20 events):
Event: 0.044 Thread 0x0000022f9eba5c90 Thread added: 0x0000022fbb83f590
Event: 0.044 Thread 0x0000022f9eba5c90 Thread added: 0x0000022fbb8401e0
Event: 0.044 Thread 0x0000022f9eba5c90 Thread added: 0x0000022fbb847c90
Event: 0.044 Thread 0x0000022f9eba5c90 Thread added: 0x0000022fbb848b70
Event: 0.044 Thread 0x0000022f9eba5c90 Thread added: 0x0000022fbb84a2e0
Event: 0.044 Thread 0x0000022f9eba5c90 Thread added: 0x0000022fbb84ae60
Event: 0.044 Thread 0x0000022f9eba5c90 Thread added: 0x0000022fbb855d20
Event: 0.044 Thread 0x0000022f9eba5c90 Thread added: 0x0000022fbbac8090
Event: 0.061 Thread 0x0000022f9eba5c90 Thread added: 0x0000022fbbc10b80
Event: 0.063 Thread 0x0000022f9eba5c90 Thread added: 0x0000022fbbc147d0
Event: 0.066 Loaded shared library C:\Program Files\JetBrains\IntelliJ IDEA Community Edition 2024.3.1.1\jbr\bin\net.dll
Event: 0.068 Loaded shared library C:\Program Files\JetBrains\IntelliJ IDEA Community Edition 2024.3.1.1\jbr\bin\nio.dll
Event: 0.070 Loaded shared library C:\Program Files\JetBrains\IntelliJ IDEA Community Edition 2024.3.1.1\jbr\bin\zip.dll
Event: 0.110 Loaded shared library C:\Program Files\JetBrains\IntelliJ IDEA Community Edition 2024.3.1.1\jbr\bin\jimage.dll
Event: 0.118 Loaded shared library C:\Program Files\JetBrains\IntelliJ IDEA Community Edition 2024.3.1.1\jbr\bin\sunmscapi.dll
Event: 0.350 Loaded shared library C:\Program Files\JetBrains\IntelliJ IDEA Community Edition 2024.3.1.1\jbr\bin\extnet.dll
Event: 0.354 Thread 0x0000022f9eba5c90 Thread added: 0x0000022ffd3846e0
Event: 0.401 Thread 0x0000022ffd3846e0 Thread added: 0x0000022ffd466750
Event: 0.412 Thread 0x0000022ffd3846e0 Thread added: 0x0000022ffd46aa80
Event: 0.447 Thread 0x0000022fbbac8090 Thread added: 0x0000022ffd51a0d0


Dynamic libraries:
0x00007ff7acfa0000 - 0x00007ff7acfaa000 	C:\Program Files\JetBrains\IntelliJ IDEA Community Edition 2024.3.1.1\jbr\bin\java.exe
0x00007fffae680000 - 0x00007fffae8e3000 	C:\WINDOWS\SYSTEM32\ntdll.dll
0x00007fffadb00000 - 0x00007fffadbc7000 	C:\WINDOWS\System32\KERNEL32.DLL
0x00007fffac0f0000 - 0x00007fffac4b7000 	C:\WINDOWS\System32\KERNELBASE.dll
0x00007fffaba20000 - 0x00007fffabb6c000 	C:\WINDOWS\System32\ucrtbase.dll
0x00007fff51fe0000 - 0x00007fff51ff8000 	C:\Program Files\JetBrains\IntelliJ IDEA Community Edition 2024.3.1.1\jbr\bin\jli.dll
0x00007ffface60000 - 0x00007fffad029000 	C:\WINDOWS\System32\USER32.dll
0x00007fffabd80000 - 0x00007fffabda7000 	C:\WINDOWS\System32\win32u.dll
0x00007fff88130000 - 0x00007fff8814b000 	C:\Program Files\JetBrains\IntelliJ IDEA Community Edition 2024.3.1.1\jbr\bin\VCRUNTIME140.dll
0x00007fff8cbf0000 - 0x00007fff8ce80000 	C:\WINDOWS\WinSxS\amd64_microsoft.windows.common-controls_6595b64144ccf1df_6.0.26100.3037_none_3e09262ce333c378\COMCTL32.dll
0x00007fffad230000 - 0x00007fffad25a000 	C:\WINDOWS\System32\GDI32.dll
0x00007fffad9a0000 - 0x00007fffada49000 	C:\WINDOWS\System32\msvcrt.dll
0x00007fffabdb0000 - 0x00007fffabedb000 	C:\WINDOWS\System32\gdi32full.dll
0x00007fffabf80000 - 0x00007fffac023000 	C:\WINDOWS\System32\msvcp_win.dll
0x00007fffae600000 - 0x00007fffae62f000 	C:\WINDOWS\System32\IMM32.DLL
0x00007fff88150000 - 0x00007fff8815c000 	C:\Program Files\JetBrains\IntelliJ IDEA Community Edition 2024.3.1.1\jbr\bin\vcruntime140_1.dll
0x00007fff39050000 - 0x00007fff390dd000 	C:\Program Files\JetBrains\IntelliJ IDEA Community Edition 2024.3.1.1\jbr\bin\msvcp140.dll
0x00007fff15ab0000 - 0x00007fff16871000 	C:\Program Files\JetBrains\IntelliJ IDEA Community Edition 2024.3.1.1\jbr\bin\server\jvm.dll
0x00007fffae170000 - 0x00007fffae224000 	C:\WINDOWS\System32\ADVAPI32.dll
0x00007fffae4d0000 - 0x00007fffae576000 	C:\WINDOWS\System32\sechost.dll
0x00007fffacd40000 - 0x00007ffface56000 	C:\WINDOWS\System32\RPCRT4.dll
0x00007fffae0f0000 - 0x00007fffae164000 	C:\WINDOWS\System32\WS2_32.dll
0x00007fffaab30000 - 0x00007fffaab7e000 	C:\WINDOWS\SYSTEM32\POWRPROF.dll
0x00007fffa0840000 - 0x00007fffa0876000 	C:\WINDOWS\SYSTEM32\WINMM.dll
0x00007fffa5b60000 - 0x00007fffa5b6b000 	C:\WINDOWS\SYSTEM32\VERSION.dll
0x00007fffaaaf0000 - 0x00007fffaab04000 	C:\WINDOWS\SYSTEM32\UMPDC.dll
0x00007fffaa850000 - 0x00007fffaa86a000 	C:\WINDOWS\SYSTEM32\kernel.appcore.dll
0x00007fff88120000 - 0x00007fff8812a000 	C:\Program Files\JetBrains\IntelliJ IDEA Community Edition 2024.3.1.1\jbr\bin\jimage.dll
0x00007fff97930000 - 0x00007fff97b71000 	C:\WINDOWS\SYSTEM32\DBGHELP.DLL
0x00007fffad3b0000 - 0x00007fffad72e000 	C:\WINDOWS\System32\combase.dll
0x00007fffad260000 - 0x00007fffad336000 	C:\WINDOWS\System32\OLEAUT32.dll
0x00007fff90460000 - 0x00007fff90499000 	C:\WINDOWS\SYSTEM32\dbgcore.DLL
0x00007fffabee0000 - 0x00007fffabf79000 	C:\WINDOWS\System32\bcryptPrimitives.dll
0x00007fff88100000 - 0x00007fff88120000 	C:\Program Files\JetBrains\IntelliJ IDEA Community Edition 2024.3.1.1\jbr\bin\java.dll
0x00007fffac4c0000 - 0x00007fffacbc4000 	C:\WINDOWS\System32\SHELL32.dll
0x00007fffa9760000 - 0x00007fffa9f97000 	C:\WINDOWS\SYSTEM32\windows.storage.dll
0x00007fffae230000 - 0x00007fffae319000 	C:\WINDOWS\System32\SHCORE.dll
0x00007fffae5a0000 - 0x00007fffae5fd000 	C:\WINDOWS\System32\shlwapi.dll
0x00007fffab930000 - 0x00007fffab95e000 	C:\WINDOWS\SYSTEM32\profapi.dll
0x00007fff55e10000 - 0x00007fff55e28000 	C:\Program Files\JetBrains\IntelliJ IDEA Community Edition 2024.3.1.1\jbr\bin\zip.dll
0x00007fff880f0000 - 0x00007fff88100000 	C:\Program Files\JetBrains\IntelliJ IDEA Community Edition 2024.3.1.1\jbr\bin\net.dll
0x00007fffa5480000 - 0x00007fffa559e000 	C:\WINDOWS\SYSTEM32\WINHTTP.dll
0x00007fffaae70000 - 0x00007fffaaed8000 	C:\WINDOWS\system32\mswsock.dll
0x00007fff45e10000 - 0x00007fff45e26000 	C:\Program Files\JetBrains\IntelliJ IDEA Community Edition 2024.3.1.1\jbr\bin\nio.dll
0x00007fff6e430000 - 0x00007fff6e43e000 	C:\Program Files\JetBrains\IntelliJ IDEA Community Edition 2024.3.1.1\jbr\bin\sunmscapi.dll
0x00007fffabb70000 - 0x00007fffabce6000 	C:\WINDOWS\System32\CRYPT32.dll
0x00007fffab310000 - 0x00007fffab340000 	C:\WINDOWS\SYSTEM32\ncrypt.dll
0x00007fffab2c0000 - 0x00007fffab2ff000 	C:\WINDOWS\SYSTEM32\NTASN1.dll
0x00007fffab110000 - 0x00007fffab12c000 	C:\WINDOWS\SYSTEM32\CRYPTSP.dll
0x00007fffaa7b0000 - 0x00007fffaa7e8000 	C:\WINDOWS\system32\rsaenh.dll
0x00007fffaaf10000 - 0x00007fffaaf3b000 	C:\WINDOWS\SYSTEM32\USERENV.dll
0x00007fffab350000 - 0x00007fffab376000 	C:\WINDOWS\SYSTEM32\bcrypt.dll
0x00007fffab130000 - 0x00007fffab13c000 	C:\WINDOWS\SYSTEM32\CRYPTBASE.dll
0x00007fffaa290000 - 0x00007fffaa2c2000 	C:\WINDOWS\SYSTEM32\IPHLPAPI.DLL
0x00007fffad340000 - 0x00007fffad34a000 	C:\WINDOWS\System32\NSI.dll
0x00007fff40a90000 - 0x00007fff40a98000 	C:\WINDOWS\system32\wshunix.dll
0x00007fff46b10000 - 0x00007fff46b19000 	C:\Program Files\JetBrains\IntelliJ IDEA Community Edition 2024.3.1.1\jbr\bin\extnet.dll

dbghelp: loaded successfully - version: 4.0.5 - missing functions: none
symbol engine: initialized successfully - sym options: 0x614 - pdb path: .;C:\Program Files\JetBrains\IntelliJ IDEA Community Edition 2024.3.1.1\jbr\bin;C:\WINDOWS\SYSTEM32;C:\WINDOWS\WinSxS\amd64_microsoft.windows.common-controls_6595b64144ccf1df_6.0.26100.3037_none_3e09262ce333c378;C:\Program Files\JetBrains\IntelliJ IDEA Community Edition 2024.3.1.1\jbr\bin\server

VM Arguments:
java_command: git4idea.http.GitAskPassApp Password for 'https://itmejd@github.com': 
java_class_path (initial): C:/Program Files/JetBrains/IntelliJ IDEA Community Edition 2024.3.1.1/plugins/vcs-git/lib/git4idea-rt.jar;C:/Program Files/JetBrains/IntelliJ IDEA Community Edition 2024.3.1.1/lib/externalProcess-rt.jar
Launcher Type: SUN_STANDARD

[Global flags]
     intx CICompilerCount                          = 3                                         {product} {ergonomic}
     uint ConcGCThreads                            = 2                                         {product} {ergonomic}
     uint G1ConcRefinementThreads                  = 6                                         {product} {ergonomic}
   size_t G1HeapRegionSize                         = 2097152                                   {product} {ergonomic}
    uintx GCDrainStackTargetSize                   = 64                                        {product} {ergonomic}
   size_t InitialHeapSize                          = 268435456                                 {product} {ergonomic}
   size_t MarkStackSize                            = 4194304                                   {product} {ergonomic}
   size_t MaxHeapSize                              = 4278190080                                {product} {ergonomic}
   size_t MaxNewSize                               = 2566914048                                {product} {ergonomic}
   size_t MinHeapDeltaBytes                        = 2097152                                   {product} {ergonomic}
   size_t MinHeapSize                              = 8388608                                   {product} {ergonomic}
    uintx NonNMethodCodeHeapSize                   = 5832780                                {pd product} {ergonomic}
    uintx NonProfiledCodeHeapSize                  = 122912730                              {pd product} {ergonomic}
    uintx ProfiledCodeHeapSize                     = 122912730                              {pd product} {ergonomic}
    uintx ReservedCodeCacheSize                    = 251658240                              {pd product} {ergonomic}
     bool SegmentedCodeCache                       = true                                      {product} {ergonomic}
   size_t SoftMaxHeapSize                          = 4278190080                             {manageable} {ergonomic}
     bool UseCompressedOops                        = true                           {product lp64_product} {ergonomic}
     bool UseG1GC                                  = true                                      {product} {ergonomic}
     bool UseLargePagesIndividualAllocation        = false                                  {pd product} {ergonomic}

Logging:
Log output configuration:
 #0: stdout all=warning uptime,level,tags foldmultilines=false
 #1: stderr all=off uptime,level,tags foldmultilines=false

Environment Variables:
JAVA_HOME=C:\Program Files\Eclipse Adoptium\jdk-8.0.432.6-hotspot\
PATH=C:\Program Files\Git\mingw64\libexec\git-core;C:\Program Files\Git\mingw64\libexec\git-core;C:\Program Files\Git\mingw64\bin;C:\Program Files\Git\usr\bin;C:\Users\jackh\bin;C:\Program Files\Eclipse Adoptium\jdk-8.0.432.6-hotspot\bin;C:\Windows\system32;C:\Windows\System32\Wbem;C:\Windows;C:\Windows\System32\WindowsPowerShell\v1.0;C:\Windows\System32\OpenSSH;C:\WINDOWS\system32;C:\WINDOWS\System32\Wbem;C:\WINDOWS;C:\WINDOWS\System32\WindowsPowerShell\v1.0;C:\WINDOWS\System32\OpenSSH;C:\Program Files\Microsoft\jdk-21.0.3.9-hotspot\bin;C:\Program Files (x86)\Common Files\Oracle\Java\javapath;C:\Program Files\NVIDIA Corporation\NVIDIA App\NvDLISR;C:\Program Files\dotnet;C:\WINDOWS\System32\WindowsPowerShell\v1.0;C:\WINDOWS\System32\OpenSSH;C:\Program Files\Git\cmd;C:\Program Files (x86)\NVIDIA Corporation\PhysX\Common;C:\Users\jackh\AppData\Local\Microsoft\WindowsApps;C:\Users\jackh\AppData\Local\Programs\Microsoft VS Code\bin
USERNAME=jackh
DISPLAY=:0.0
LC_ALL=en_US.UTF-8
TERM=xterm-256color
TMPDIR=C:\Users\jackh\AppData\Local\Temp
OS=Windows_NT
PROCESSOR_IDENTIFIER=Intel64 Family 6 Model 158 Stepping 13, GenuineIntel
TMP=C:\Users\jackh\AppData\Local\Temp
TEMP=C:\Users\jackh\AppData\Local\Temp




Periodic native trim disabled

JNI global refs:
JNI global refs: 19, weak refs: 0

JNI global refs memory usage: 835, weak refs: 833

Process memory usage:
Resident Set Size: 82460K (0% of 16711012K total physical memory with 3066372K free physical memory)

OOME stack traces (most recent first):
Classloader memory used:
Loader bootstrap                                                                       : 7203K
Loader jdk.internal.loader.ClassLoaders$PlatformClassLoader                            : 1760K
Loader jdk.internal.loader.ClassLoaders$AppClassLoader                                 : 16448B

---------------  S Y S T E M  ---------------

OS:
 Windows 11 , 64 bit Build 26100 (10.0.26100.3037)
OS uptime: 9 days 7:41 hours

CPU: total 6 (initial active 6) (6 cores per cpu, 1 threads per core) family 6 model 158 stepping 13 microcode 0xde, cx8, cmov, fxsr, mmx, 3dnowpref, sse, sse2, sse3, ssse3, sse4.1, sse4.2, popcnt, lzcnt, tsc, tscinvbit, avx, avx2, aes, erms, clmul, bmi1, bmi2, adx, fma, vzeroupper, clflush, clflushopt, rdtscp, f16c
Processor Information for all 6 processors :
  Max Mhz: 3696, Current Mhz: 3696, Mhz Limit: 3696

Memory: 4k page, system-wide physical 16319M (2994M free)
TotalPageFile size 37011M (AvailPageFile size 2M)
current process WorkingSet (physical memory assigned to process): 80M, peak: 80M
current process commit charge ("private bytes"): 356M, peak: 357M

vm_info: OpenJDK 64-Bit Server VM (21.0.5+8-b631.28) for windows-amd64 JRE (21.0.5+8-b631.28), built on 2024-11-23 by "builduser" with MS VC++ 16.10 / 16.11 (VS2019)

END.
