#
# There is insufficient memory for the Java Runtime Environment to continue.
# Native memory allocation (mmap) failed to map 268435456 bytes. Error detail: G1 virtual space
# Possible reasons:
#   The system is out of physical RAM or swap space
#   This process is running with CompressedOops enabled, and the Java Heap may be blocking the growth of the native heap
# Possible solutions:
#   Reduce memory load on the system
#   Increase physical memory or swap space
#   Check if swap backing store is full
#   Decrease Java heap size (-Xmx/-Xms)
#   Decrease number of Java threads
#   Decrease Java thread stack sizes (-Xss)
#   Set larger code cache with -XX:ReservedCodeCacheSize=
#   JVM is running with Zero Based Compressed Oops mode in which the Java heap is
#     placed in the first 32GB address space. The Java Heap base address is the
#     maximum limit for the native heap growth. Please use -XX:HeapBaseMinAddress
#     to set the Java Heap base and to place the Java Heap above 32GB virtual address.
# This output file may be truncated or incomplete.
#
#  Out of Memory Error (os_windows.cpp:3898), pid=11692, tid=29100
#
# JRE version:  (21.0.6+8) (build )
# Java VM: OpenJDK 64-Bit Server VM (21.0.6+8-b631.39, mixed mode, sharing, tiered, compressed oops, compressed class ptrs, g1 gc, windows-amd64)
# No core dump will be written. Minidumps are not enabled by default on client versions of Windows
#

---------------  S U M M A R Y ------------

Command Line: git4idea.http.GitAskPassApp Username for 'https://github.com': 

Host: Intel(R) Core(TM) i5-9600K CPU @ 3.70GHz, 6 cores, 15G,  Windows 11 , 64 bit Build 26100 (10.0.26100.4768)
Time: Wed Aug 27 23:41:43 2025 US Mountain Standard Time elapsed time: 0.011543 seconds (0d 0h 0m 0s)

---------------  T H R E A D  ---------------

Current thread (0x0000016a8f4232a0):  JavaThread "Unknown thread" [_thread_in_vm, id=29100, stack(0x0000002f62300000,0x0000002f62400000) (1024K)]

Stack: [0x0000002f62300000,0x0000002f62400000]
Native frames: (J=compiled Java code, j=interpreted, Vv=VM code, C=native code)
V  [jvm.dll+0x6e5d39]
V  [jvm.dll+0x8c4133]
V  [jvm.dll+0x8c668e]
V  [jvm.dll+0x8c6d73]
V  [jvm.dll+0x288f76]
V  [jvm.dll+0x6e25f5]
V  [jvm.dll+0x6d60aa]
V  [jvm.dll+0x3635bb]
V  [jvm.dll+0x36b186]
V  [jvm.dll+0x3bd4b6]
V  [jvm.dll+0x3bd788]
V  [jvm.dll+0x335d2c]
V  [jvm.dll+0x336a1b]
V  [jvm.dll+0x88b589]
V  [jvm.dll+0x3ca688]
V  [jvm.dll+0x874698]
V  [jvm.dll+0x45f04e]
V  [jvm.dll+0x460d31]
C  [jli.dll+0x52ab]
C  [ucrtbase.dll+0x37b0]
C  [KERNEL32.DLL+0x2e8d7]
C  [ntdll.dll+0x3c34c]


---------------  P R O C E S S  ---------------

Threads class SMR info:
_java_thread_list=0x00007ffa1ea7a148, length=0, elements={
}

Java Threads: ( => current thread )
Total: 0

Other Threads:
  0x0000016a9175ead0 WorkerThread "GC Thread#0"                     [id=13392, stack(0x0000002f62400000,0x0000002f62500000) (1024K)]
  0x0000016a91770830 ConcurrentGCThread "G1 Main Marker"            [id=14984, stack(0x0000002f62500000,0x0000002f62600000) (1024K)]
  0x0000016a91771ad0 WorkerThread "G1 Conc#0"                       [id=11580, stack(0x0000002f62600000,0x0000002f62700000) (1024K)]

[error occurred during error reporting (printing all threads), id 0xc0000005, EXCEPTION_ACCESS_VIOLATION (0xc0000005) at pc=0x00007ffa1e168de7]
VM state: not at safepoint (not fully initialized)

VM Mutex/Monitor currently owned by a thread:  ([mutex/lock_event])
[0x00007ffa1eaeeb30] Heap_lock - owner thread: 0x0000016a8f4232a0

Heap address: 0x0000000701000000, size: 4080 MB, Compressed Oops mode: Zero based, Oop shift amount: 3

CDS archive(s) mapped at: [0x0000000000000000-0x0000000000000000-0x0000000000000000), size 0, SharedBaseAddress: 0x0000000800000000, ArchiveRelocationMode: 1.
Narrow klass base: 0x0000000000000000, Narrow klass shift: 0, Narrow klass range: 0x0

GC Precious Log:
 CardTable entry size: 512
 Card Set container configuration: InlinePtr #cards 4 size 8 Array Of Cards #cards 16 size 48 Howl #buckets 8 coarsen threshold 3686 Howl Bitmap #cards 512 size 80 coarsen threshold 460 Card regions per heap region 1 cards per card region 4096

Heap:
 garbage-first heap   total 0K, used 0K [0x0000000701000000, 0x0000000800000000)
  region size 2048K, 0 young (0K), 0 survivors (0K)
 Metaspace       used 0K, committed 0K, reserved 0K
  class space    used 0K, committed 0K, reserved 0K

Heap Regions: E=young(eden), S=young(survivor), O=old, HS=humongous(starts), HC=humongous(continues), CS=collection set, F=free, TAMS=top-at-mark-start, PB=parsable bottom

Card table byte_map: [0x0000016aa4fa0000,0x0000016aa57a0000] _byte_map_base: 0x0000016aa1798000

Marking Bits: (CMBitMap*) 0x0000016a9175f1d0
 Bits: [0x0000016aa57a0000, 0x0000016aa9760000)

GC Heap History (0 events):
No events

Dll operation events (1 events):
Event: 0.008 Loaded shared library C:\Program Files\JetBrains\IntelliJ IDEA Community Edition 2024.3.1.1\jbr\bin\java.dll

Deoptimization events (0 events):
No events

Classes loaded (0 events):
No events

Classes unloaded (0 events):
No events

Classes redefined (0 events):
No events

Internal exceptions (0 events):
No events

ZGC Phase Switch (0 events):
No events

VM Operations (0 events):
No events

Memory protections (0 events):
No events

Nmethod flushes (0 events):
No events

Events (0 events):
No events


Dynamic libraries:
0x00007ff737690000 - 0x00007ff73769a000 	C:\Program Files\JetBrains\IntelliJ IDEA Community Edition 2024.3.1.1\jbr\bin\java.exe
0x00007ffaae780000 - 0x00007ffaae9e7000 	C:\WINDOWS\SYSTEM32\ntdll.dll
0x00007ffaadfd0000 - 0x00007ffaae099000 	C:\WINDOWS\System32\KERNEL32.DLL
0x00007ffaabbb0000 - 0x00007ffaabfa0000 	C:\WINDOWS\System32\KERNELBASE.dll
0x00007ffaac270000 - 0x00007ffaac3bb000 	C:\WINDOWS\System32\ucrtbase.dll
0x00007ffa1de00000 - 0x00007ffa1de1b000 	C:\Program Files\JetBrains\IntelliJ IDEA Community Edition 2024.3.1.1\jbr\bin\VCRUNTIME140.dll
0x00007ffa1c830000 - 0x00007ffa1c848000 	C:\Program Files\JetBrains\IntelliJ IDEA Community Edition 2024.3.1.1\jbr\bin\jli.dll
0x00007ffaad630000 - 0x00007ffaad7f5000 	C:\WINDOWS\System32\USER32.dll
0x00007ffa9f8e0000 - 0x00007ffa9fb7a000 	C:\WINDOWS\WinSxS\amd64_microsoft.windows.common-controls_6595b64144ccf1df_6.0.26100.4768_none_3e0c112ce331287c\COMCTL32.dll
0x00007ffaab8b0000 - 0x00007ffaab8d7000 	C:\WINDOWS\System32\win32u.dll
0x00007ffaae210000 - 0x00007ffaae2b9000 	C:\WINDOWS\System32\msvcrt.dll
0x00007ffaad800000 - 0x00007ffaad82b000 	C:\WINDOWS\System32\GDI32.dll
0x00007ffaac130000 - 0x00007ffaac268000 	C:\WINDOWS\System32\gdi32full.dll
0x00007ffaabb00000 - 0x00007ffaabba3000 	C:\WINDOWS\System32\msvcp_win.dll
0x00007ffaae700000 - 0x00007ffaae72f000 	C:\WINDOWS\System32\IMM32.DLL
0x00007ffa1ddf0000 - 0x00007ffa1ddfc000 	C:\Program Files\JetBrains\IntelliJ IDEA Community Edition 2024.3.1.1\jbr\bin\vcruntime140_1.dll
0x00007ffa048d0000 - 0x00007ffa0495d000 	C:\Program Files\JetBrains\IntelliJ IDEA Community Edition 2024.3.1.1\jbr\bin\msvcp140.dll
0x00007ffa1de20000 - 0x00007ffa1ebe1000 	C:\Program Files\JetBrains\IntelliJ IDEA Community Edition 2024.3.1.1\jbr\bin\server\jvm.dll
0x00007ffaae580000 - 0x00007ffaae634000 	C:\WINDOWS\System32\ADVAPI32.dll
0x00007ffaadf20000 - 0x00007ffaadfc6000 	C:\WINDOWS\System32\sechost.dll
0x00007ffaac700000 - 0x00007ffaac818000 	C:\WINDOWS\System32\RPCRT4.dll
0x00007ffaacf80000 - 0x00007ffaacff4000 	C:\WINDOWS\System32\WS2_32.dll
0x00007ffaab570000 - 0x00007ffaab5ce000 	C:\WINDOWS\SYSTEM32\POWRPROF.dll
0x00007ffaa61f0000 - 0x00007ffaa61fb000 	C:\WINDOWS\SYSTEM32\VERSION.dll
0x00007ffaa1d90000 - 0x00007ffaa1dc5000 	C:\WINDOWS\SYSTEM32\WINMM.dll
0x00007ffaab550000 - 0x00007ffaab564000 	C:\WINDOWS\SYSTEM32\UMPDC.dll
0x00007ffaaa630000 - 0x00007ffaaa64b000 	C:\WINDOWS\SYSTEM32\kernel.appcore.dll
0x00007ffa1dde0000 - 0x00007ffa1ddea000 	C:\Program Files\JetBrains\IntelliJ IDEA Community Edition 2024.3.1.1\jbr\bin\jimage.dll
0x00007ffaa1260000 - 0x00007ffaa14a1000 	C:\WINDOWS\SYSTEM32\DBGHELP.DLL
0x00007ffaad000000 - 0x00007ffaad385000 	C:\WINDOWS\System32\combase.dll
0x00007ffaae120000 - 0x00007ffaae200000 	C:\WINDOWS\System32\OLEAUT32.dll
0x00007ffa9a660000 - 0x00007ffa9a6a3000 	C:\WINDOWS\SYSTEM32\dbgcore.DLL
0x00007ffaaba60000 - 0x00007ffaabaf9000 	C:\WINDOWS\System32\bcryptPrimitives.dll
0x00007ffa1ddc0000 - 0x00007ffa1dde0000 	C:\Program Files\JetBrains\IntelliJ IDEA Community Edition 2024.3.1.1\jbr\bin\java.dll

dbghelp: loaded successfully - version: 4.0.5 - missing functions: none
symbol engine: initialized successfully - sym options: 0x614 - pdb path: .;C:\Program Files\JetBrains\IntelliJ IDEA Community Edition 2024.3.1.1\jbr\bin;C:\WINDOWS\SYSTEM32;C:\WINDOWS\WinSxS\amd64_microsoft.windows.common-controls_6595b64144ccf1df_6.0.26100.4768_none_3e0c112ce331287c;C:\Program Files\JetBrains\IntelliJ IDEA Community Edition 2024.3.1.1\jbr\bin\server

VM Arguments:
java_command: git4idea.http.GitAskPassApp Username for 'https://github.com': 
java_class_path (initial): C:/Program Files/JetBrains/IntelliJ IDEA Community Edition 2024.3.1.1/plugins/vcs-git/lib/git4idea-rt.jar;C:/Program Files/JetBrains/IntelliJ IDEA Community Edition 2024.3.1.1/lib/externalProcess-rt.jar
Launcher Type: SUN_STANDARD

[Global flags]
     intx CICompilerCount                          = 3                                         {product} {ergonomic}
     uint ConcGCThreads                            = 2                                         {product} {ergonomic}
     uint G1ConcRefinementThreads                  = 6                                         {product} {ergonomic}
   size_t G1HeapRegionSize                         = 2097152                                   {product} {ergonomic}
    uintx GCDrainStackTargetSize                   = 64                                        {product} {ergonomic}
   size_t InitialHeapSize                          = 268435456                                 {product} {ergonomic}
   size_t MarkStackSize                            = 4194304                                   {product} {ergonomic}
   size_t MaxHeapSize                              = 4278190080                                {product} {ergonomic}
   size_t MinHeapDeltaBytes                        = 2097152                                   {product} {ergonomic}
   size_t MinHeapSize                              = 8388608                                   {product} {ergonomic}
    uintx NonNMethodCodeHeapSize                   = 5832780                                {pd product} {ergonomic}
    uintx NonProfiledCodeHeapSize                  = 122912730                              {pd product} {ergonomic}
    uintx ProfiledCodeHeapSize                     = 122912730                              {pd product} {ergonomic}
    uintx ReservedCodeCacheSize                    = 251658240                              {pd product} {ergonomic}
     bool SegmentedCodeCache                       = true                                      {product} {ergonomic}
   size_t SoftMaxHeapSize                          = 4278190080                             {manageable} {ergonomic}
     bool UseCompressedOops                        = true                           {product lp64_product} {ergonomic}
     bool UseG1GC                                  = true                                      {product} {ergonomic}
     bool UseLargePagesIndividualAllocation        = false                                  {pd product} {ergonomic}

Logging:
Log output configuration:
 #0: stdout all=warning uptime,level,tags foldmultilines=false
 #1: stderr all=off uptime,level,tags foldmultilines=false

Environment Variables:
JAVA_HOME=C:\Program Files\Eclipse Adoptium\jdk-8.0.432.6-hotspot\
PATH=C:/Program Files/Git/mingw64/libexec/git-core;C:/Program Files/Git/mingw64/libexec/git-core;C:\Program Files\Git\mingw64\bin;C:\Program Files\Git\usr\bin;C:\Users\jackh\bin;C:\Program Files\Eclipse Adoptium\jdk-8.0.432.6-hotspot\bin;C:\Windows\system32;C:\Windows\System32\Wbem;C:\Windows;C:\Windows\System32\WindowsPowerShell\v1.0\;C:\Windows\System32\OpenSSH\;C:\WINDOWS\system32;C:\WINDOWS\System32\Wbem;C:\WINDOWS;C:\WINDOWS\System32\WindowsPowerShell\v1.0\;C:\WINDOWS\System32\OpenSSH\;C:\Program Files\Microsoft\jdk-21.0.3.9-hotspot\bin;C:\Program Files (x86)\Common Files\Oracle\Java\javapath;C:\Program Files\NVIDIA Corporation\NVIDIA App\NvDLISR;C:\Program Files\dotnet\;C:\WINDOWS\System32\WindowsPowerShell\v1.0\;C:\WINDOWS\System32\OpenSSH\;C:\Program Files\Git\cmd;C:\Program Files (x86)\NVIDIA Corporation\PhysX\Common;C:\Users\jackh\AppData\Local\Microsoft\WindowsApps;C:\Users\jackh\AppData\Local\Programs\Microsoft VS Code\bin;C:\Users\jackh\AppData\Local\GitHubDesktop\bin
USERNAME=jackh
DISPLAY=:0.0
LC_ALL=en_US.UTF-8
TERM=xterm-256color
TMPDIR=C:\Users\jackh\AppData\Local\Temp
OS=Windows_NT
PROCESSOR_IDENTIFIER=Intel64 Family 6 Model 158 Stepping 13, GenuineIntel
TMP=C:\Users\jackh\AppData\Local\Temp
TEMP=C:\Users\jackh\AppData\Local\Temp




Periodic native trim disabled

JNI global refs:
JNI global refs: 0, weak refs: 0

JNI global refs memory usage: 0, weak refs: 0

Process memory usage:
Resident Set Size: 13352K (0% of 16711012K total physical memory with 2785776K free physical memory)

OOME stack traces (most recent first):
Classloader memory used:

---------------  S Y S T E M  ---------------

OS:
 Windows 11 , 64 bit Build 26100 (10.0.26100.4768)
OS uptime: 5 days 1:01 hours

CPU: total 6 (initial active 6) (6 cores per cpu, 1 threads per core) family 6 model 158 stepping 13 microcode 0xde, cx8, cmov, fxsr, mmx, 3dnowpref, sse, sse2, sse3, ssse3, sse4.1, sse4.2, popcnt, lzcnt, tsc, tscinvbit, avx, avx2, aes, erms, clmul, bmi1, bmi2, rtm, adx, fma, vzeroupper, clflush, clflushopt, rdtscp, f16c
Processor Information for the first 6 processors :
  Max Mhz: 3696, Current Mhz: 3696, Mhz Limit: 3696

Memory: 4k page, system-wide physical 16319M (2720M free)
TotalPageFile size 41494M (AvailPageFile size 188M)
current process WorkingSet (physical memory assigned to process): 13M, peak: 13M
current process commit charge ("private bytes"): 56M, peak: 312M

vm_info: OpenJDK 64-Bit Server VM (21.0.6+8-b631.39) for windows-amd64 JRE (21.0.6+8-b631.39), built on 2025-02-04 by "builduser" with MS VC++ 16.10 / 16.11 (VS2019)

END.
